*** Using Compiler 'V5.06 update 7 (build 960)', folder: 'D:\keil5\ARM\ARMCC\Bin'
Build target 'Target 1'
compiling stm32f10x_bkp.c...
compiling stm32f10x_crc.c...
compiling stm32f10x_exti.c...
compiling misc.c...
compiling stm32f10x_dbgmcu.c...
compiling stm32f10x_fsmc.c...
compiling stm32f10x_can.c...
compiling stm32f10x_gpio.c...
compiling stm32f10x_i2c.c...
compiling stm32f10x_dac.c...
compiling stm32f10x_cec.c...
compiling system_stm32f10x.c...
compiling stm32f10x_adc.c...
compiling stm32f10x_dma.c...
compiling stm32f10x_flash.c...
compiling core_cm3.c...
compiling stm32f10x_pwr.c...
compiling stm32f10x_iwdg.c...
compiling stm32f10x_sdio.c...
compiling stm32f10x_rcc.c...
compiling stm32f10x_rtc.c...
compiling Timer.c...
compiling stm32f10x_spi.c...
compiling Delay.c...
compiling stm32f10x_usart.c...
compiling stm32f10x_wwdg.c...
compiling stm32f10x_tim.c...
compiling LED.c...
compiling Encoder.c...
compiling Key.c...
compiling OLED.c...
compiling Serial.c...
compiling MLX90642.c...
compiling Encoder_Soft.c...
compiling MPU6050.c...
compiling motor.c...
compiling MyI2C.c...
compiling PWM.c...
compiling SHT31.c...
compiling MLX90642_depends.c...
compiling myiic.c...
compiling stm32f10x_it.c...
compiling MLX90642_App.c...
compiling PID.c...
compiling main.c...
linking...
Program Size: Code=28460 RO-data=836 RW-data=308 ZI-data=7580  
".\Objects\Project.axf" - 0 Error(s), 0 Warning(s).
Build Time Elapsed:  00:00:04
